<?xml version="1.0" encoding="UTF-8"?>
<!-- Generated by org.testng.reporters.JUnitReportReporter -->
<testsuite hostname="DESKTOP-14EKDV9" failures="0" tests="18" name="tn.esprit.spring.servicesTest.EmployeServiceImplTest" time="229.985" errors="0" timestamp="2020-11-01T01:28:25 WAT" skipped="0">
  <testcase classname="tn.esprit.spring.servicesTest.EmployeServiceImplTest" name="deleteEmployeByIdTest" time="12.662"/>
  <system-out/>
  <testcase classname="tn.esprit.spring.servicesTest.EmployeServiceImplTest" name="desaffecterEmployeDuDepartementTest" time="12.704"/>
  <system-out/>
  <testcase classname="tn.esprit.spring.servicesTest.EmployeServiceImplTest" name="deleteContratByIdTest" time="12.584"/>
  <system-out/>
  <testcase classname="tn.esprit.spring.servicesTest.EmployeServiceImplTest" name="affecterEmployeADepartementTest" time="12.939"/>
  <system-out/>
  <testcase classname="tn.esprit.spring.servicesTest.EmployeServiceImplTest" name="getSalaireByEmployeIdJPQLTest" time="12.507"/>
  <system-out/>
  <testcase classname="tn.esprit.spring.servicesTest.EmployeServiceImplTest" name="ajouterContratTest" time="12.398"/>
  <system-out/>
  <testcase classname="tn.esprit.spring.servicesTest.EmployeServiceImplTest" name="getSalaireMoyenByDepartementIdTest" time="12.384"/>
  <system-out/>
  <testcase classname="tn.esprit.spring.servicesTest.EmployeServiceImplTest" name="getAllEmployeByEntrepriseTest" time="13.097"/>
  <system-out/>
  <testcase classname="tn.esprit.spring.servicesTest.EmployeServiceImplTest" name="ajouterEmployeTest" time="12.801"/>
  <system-out/>
  <testcase classname="tn.esprit.spring.servicesTest.EmployeServiceImplTest" name="getEmployePrenomByIdTest" time="12.540"/>
  <system-out/>
  <testcase classname="tn.esprit.spring.servicesTest.EmployeServiceImplTest" name="getTimesheetsByMissionAndDateTest" time="12.894"/>
  <system-out/>
  <testcase classname="tn.esprit.spring.servicesTest.EmployeServiceImplTest" name="getAllEmployesTest" time="13.246"/>
  <system-out/>
  <testcase classname="tn.esprit.spring.servicesTest.EmployeServiceImplTest" name="getNombreEmployeJPQLTest" time="12.814"/>
  <system-out/>
  <testcase classname="tn.esprit.spring.servicesTest.EmployeServiceImplTest" name="mettreAjourEmailByEmployeIdJPQLTest" time="12.752"/>
  <system-out/>
  <testcase classname="tn.esprit.spring.servicesTest.EmployeServiceImplTest" name="affecterContratAEmployeTest" time="13.147"/>
  <system-out/>
  <testcase classname="tn.esprit.spring.servicesTest.EmployeServiceImplTest" name="getAllEmployeNamesJPQLTest" time="13.269"/>
  <system-out/>
  <testcase classname="tn.esprit.spring.servicesTest.EmployeServiceImplTest" name="mettreAjourEmailByEmployeIdTest" time="12.469"/>
  <system-out/>
  <testcase classname="tn.esprit.spring.servicesTest.EmployeServiceImplTest" name="deleteAllContratJPQLTest" time="12.778"/>
  <system-out/>
</testsuite> <!-- tn.esprit.spring.servicesTest.EmployeServiceImplTest -->
