<?xml version="1.0" encoding="UTF-8"?>
<!-- Generated by org.testng.reporters.JUnitReportReporter -->
<testsuite hostname="DESKTOP-14EKDV9" failures="0" tests="8" name="tn.esprit.spring.repositoryTest.EmployeRepositoryTest" time="77.784" errors="0" timestamp="2020-11-01T01:32:58 WAT" skipped="0">
  <testcase classname="tn.esprit.spring.repositoryTest.EmployeRepositoryTest" name="getSalaireMoyenByDepartementIdTest" time="9.543"/>
  <system-out/>
  <testcase classname="tn.esprit.spring.repositoryTest.EmployeRepositoryTest" name="ajouterEmployerTest" time="9.784"/>
  <system-out/>
  <testcase classname="tn.esprit.spring.repositoryTest.EmployeRepositoryTest" name="getSalaireByEmployeIdJPQLTest" time="9.762"/>
  <system-out/>
  <testcase classname="tn.esprit.spring.repositoryTest.EmployeRepositoryTest" name="deleteAllContratJPQLTest" time="9.891"/>
  <system-out/>
  <testcase classname="tn.esprit.spring.repositoryTest.EmployeRepositoryTest" name="getAllEmployeByEntreprisecTest" time="9.684"/>
  <system-out/>
  <testcase classname="tn.esprit.spring.repositoryTest.EmployeRepositoryTest" name="employeNamesTest" time="9.580"/>
  <system-out/>
  <testcase classname="tn.esprit.spring.repositoryTest.EmployeRepositoryTest" name="countempTest" time="9.716"/>
  <system-out/>
  <testcase classname="tn.esprit.spring.repositoryTest.EmployeRepositoryTest" name="mettreAjourEmailByEmployeIdJPQLTest" time="9.824"/>
  <system-out/>
</testsuite> <!-- tn.esprit.spring.repositoryTest.EmployeRepositoryTest -->
